  Building Custom Rule C:/Users/tobia/Desktop/Master_Arbeit/UnterProg/CMakeLists.txt
  Visualization.cpp
C:\Program Files\PCL 1.11.0\include\pcl-1.11\pcl/range_image/range_image.h(809,4): warning C4996: 'pcl::PointCloud<pcl::PointWithRange>::mapping_': rewrite your code to avoid using this protected field (It will be removed in PCL 1.12)
C:\Program Files\PCL 1.11.0\include\pcl-1.11\pcl/io/low_level_io.h(73,16): warning C4996: '_open': This function or variable may be unsafe. Consider using _sopen_s instead. To disable deprecation, use _CRT_SECURE_NO_WARNINGS. See online help for details.
C:\Program Files\PCL 1.11.0\include\pcl-1.11\pcl/io/low_level_io.h(78,16): warning C4996: '_open': This function or variable may be unsafe. Consider using _sopen_s instead. To disable deprecation, use _CRT_SECURE_NO_WARNINGS. See online help for details.
C:\Program Files\PCL 1.11.0\include\pcl-1.11\pcl/visualization/point_cloud_color_handlers.h(611,11): warning C4996: 'pcl::visualization::PointCloudColorHandler<pcl::PCLPointCloud2>::getColor': use getColor() without parameters instead (It will be removed in PCL 1.12)
C:\Program Files\PCL 1.11.0\include\pcl-1.11\pcl/visualization/point_cloud_color_handlers.h(109,11): warning C4996: 'pcl::visualization::PointCloudColorHandler<PointT>::getColor': use getColor() without parameters instead (It will be removed in PCL 1.12)
          with
          [
              PointT=pcl::PointWithRange
          ]
C:\Program Files\PCL 1.11.0\include\pcl-1.11\pcl/visualization/point_cloud_color_handlers.h(107): message : beim Kompilieren der Klasse Vorlage-Memberfunktion "vtkSmartPointer<vtkDataArray> pcl::visualization::PointCloudColorHandler<PointT>::getColor(void) const"
          with
          [
              PointT=pcl::PointWithRange
          ]
C:\Program Files\PCL 1.11.0\include\pcl-1.11\pcl/visualization/point_cloud_color_handlers.h(120): message : Siehe Verweis auf die gerade kompilierte Instanziierung "vtkSmartPointer<vtkDataArray> pcl::visualization::PointCloudColorHandler<PointT>::getColor(void) const" der Funktions-Vorlage.
          with
          [
              PointT=pcl::PointWithRange
          ]
C:\Program Files\PCL 1.11.0\include\pcl-1.11\pcl/visualization/point_cloud_color_handlers.h(206): message : Siehe Verweis auf die gerade kompilierte Klasse Vorlage-Instanziierung "pcl::visualization::PointCloudColorHandler<PointT>".
          with
          [
              PointT=pcl::PointWithRange
          ]
C:\Users\tobia\Desktop\Master_Arbeit\UnterProg\Visualization.cpp(132): message : Siehe Verweis auf die gerade kompilierte Klasse Vorlage-Instanziierung "pcl::visualization::PointCloudColorHandlerCustom<pcl::PointWithRange>".
  app_visu.vcxproj -> C:\Users\tobia\Desktop\Master_Arbeit\UnterProg\visu_build\Debug\app_visu.exe
